OpenROAD e036ecfaca4bc0efe88a54085efcf0f562c48a6b 
This program is licensed under the BSD-3 license. See the LICENSE file for details.
Components of this program may be licensed under more restrictive licenses which must be honored.
[INFO ODB-0222] Reading LEF file: /openlane/designs/iiitb_r2_4bit_bm/runs/ASIC/tmp/merged.nom.lef
[WARNING ODB-0220] WARNING (LEFPARS-2036): SOURCE statement is obsolete in version 5.6 and later.
The LEF parser will ignore this statement.
To avoid this warning in the future, remove this statement from the LEF file with version 5.6 or later. See file /openlane/designs/iiitb_r2_4bit_bm/runs/ASIC/tmp/merged.nom.lef at line 930.

[INFO ODB-0223]     Created 13 technology layers
[INFO ODB-0224]     Created 25 technology vias
[INFO ODB-0225]     Created 442 library cells
[INFO ODB-0226] Finished LEF file:  /openlane/designs/iiitb_r2_4bit_bm/runs/ASIC/tmp/merged.nom.lef
[INFO ODB-0127] Reading DEF file: /openlane/designs/iiitb_r2_4bit_bm/runs/ASIC/tmp/routing/18-fill.def
[INFO ODB-0128] Design: iiitb_r2_4bit_bm
[INFO ODB-0130]     Created 21 pins.
[INFO ODB-0131]     Created 569 components and 2621 component-terminals.
[INFO ODB-0132]     Created 2 special nets and 2170 connections.
[INFO ODB-0133]     Created 144 nets and 451 connections.
[INFO ODB-0134] Finished DEF file: /openlane/designs/iiitb_r2_4bit_bm/runs/ASIC/tmp/routing/18-fill.def
[INFO ORD-0030] Using 2 thread(s).
[INFO DRT-0149] Reading tech and libs.

Units:                1000
Number of layers:     13
Number of macros:     442
Number of vias:       25
Number of viarulegen: 25

[INFO DRT-0150] Reading design.

Design:                   iiitb_r2_4bit_bm
Die area:                 ( 0 0 ) ( 75395 86115 )
Number of track patterns: 12
Number of DEF vias:       4
Number of components:     569
Number of terminals:      21
Number of snets:          2
Number of nets:           144

[INFO DRT-0167] List of default vias:
  Layer mcon
    default via: L1M1_PR
  Layer via
    default via: M1M2_PR
  Layer via2
    default via: M2M3_PR
  Layer via3
    default via: M3M4_PR
  Layer via4
    default via: M4M5_PR
[INFO DRT-0162] Library cell analysis.
[INFO DRT-0163] Instance analysis.
[INFO DRT-0164] Number of unique instances = 83.
[INFO DRT-0168] Init region query.
[INFO DRT-0024]   Complete FR_MASTERSLICE.
[INFO DRT-0024]   Complete FR_VIA.
[INFO DRT-0024]   Complete li1.
[INFO DRT-0024]   Complete mcon.
[INFO DRT-0024]   Complete met1.
[INFO DRT-0024]   Complete via.
[INFO DRT-0024]   Complete met2.
[INFO DRT-0024]   Complete via2.
[INFO DRT-0024]   Complete met3.
[INFO DRT-0024]   Complete via3.
[INFO DRT-0024]   Complete met4.
[INFO DRT-0024]   Complete via4.
[INFO DRT-0024]   Complete met5.
[INFO DRT-0033] FR_MASTERSLICE shape region query size = 0.
[INFO DRT-0033] FR_VIA shape region query size = 0.
[INFO DRT-0033] li1 shape region query size = 6052.
[INFO DRT-0033] mcon shape region query size = 6368.
[INFO DRT-0033] met1 shape region query size = 1604.
[INFO DRT-0033] via shape region query size = 480.
[INFO DRT-0033] met2 shape region query size = 298.
[INFO DRT-0033] via2 shape region query size = 384.
[INFO DRT-0033] met3 shape region query size = 297.
[INFO DRT-0033] via3 shape region query size = 384.
[INFO DRT-0033] met4 shape region query size = 144.
[INFO DRT-0033] via4 shape region query size = 32.
[INFO DRT-0033] met5 shape region query size = 48.
[INFO DRT-0165] Start pin access.
[INFO DRT-0076]   Complete 100 pins.
[INFO DRT-0076]   Complete 200 pins.
[INFO DRT-0078]   Complete 230 pins.
[INFO DRT-0081]   Complete 75 unique inst patterns.
[INFO DRT-0084]   Complete 133 groups.
#scanned instances     = 569
#unique  instances     = 83
#stdCellGenAp          = 1822
#stdCellValidPlanarAp  = 7
#stdCellValidViaAp     = 1398
#stdCellPinNoAp        = 0
#stdCellPinCnt         = 451
#instTermValidViaApCnt = 0
#macroGenAp            = 0
#macroValidPlanarAp    = 0
#macroValidViaAp       = 0
#macroNoAp             = 0
[INFO DRT-0166] Complete pin access.
[INFO DRT-0267] cpu time = 00:00:05, elapsed time = 00:00:02, memory = 102.00 (MB), peak = 102.00 (MB)

Number of guides:     1004

[INFO DRT-0169] Post process guides.
[INFO DRT-0176] GCELLGRID X 0 DO 10 STEP 6900 ;
[INFO DRT-0177] GCELLGRID Y 0 DO 12 STEP 6900 ;
[INFO DRT-0028]   Complete FR_MASTERSLICE.
[INFO DRT-0028]   Complete FR_VIA.
[INFO DRT-0028]   Complete li1.
[INFO DRT-0028]   Complete mcon.
[INFO DRT-0028]   Complete met1.
[INFO DRT-0028]   Complete via.
[INFO DRT-0028]   Complete met2.
[INFO DRT-0028]   Complete via2.
[INFO DRT-0028]   Complete met3.
[INFO DRT-0028]   Complete via3.
[INFO DRT-0028]   Complete met4.
[INFO DRT-0028]   Complete via4.
[INFO DRT-0028]   Complete met5.
[INFO DRT-0178] Init guide query.
[INFO DRT-0035]   Complete FR_MASTERSLICE (guide).
[INFO DRT-0035]   Complete FR_VIA (guide).
[INFO DRT-0035]   Complete li1 (guide).
[INFO DRT-0035]   Complete mcon (guide).
[INFO DRT-0035]   Complete met1 (guide).
[INFO DRT-0035]   Complete via (guide).
[INFO DRT-0035]   Complete met2 (guide).
[INFO DRT-0035]   Complete via2 (guide).
[INFO DRT-0035]   Complete met3 (guide).
[INFO DRT-0035]   Complete via3 (guide).
[INFO DRT-0035]   Complete met4 (guide).
[INFO DRT-0035]   Complete via4 (guide).
[INFO DRT-0035]   Complete met5 (guide).
[INFO DRT-0036] FR_MASTERSLICE guide region query size = 0.
[INFO DRT-0036] FR_VIA guide region query size = 0.
[INFO DRT-0036] li1 guide region query size = 384.
[INFO DRT-0036] mcon guide region query size = 0.
[INFO DRT-0036] met1 guide region query size = 304.
[INFO DRT-0036] via guide region query size = 0.
[INFO DRT-0036] met2 guide region query size = 171.
[INFO DRT-0036] via2 guide region query size = 0.
[INFO DRT-0036] met3 guide region query size = 12.
[INFO DRT-0036] via3 guide region query size = 0.
[INFO DRT-0036] met4 guide region query size = 1.
[INFO DRT-0036] via4 guide region query size = 0.
[INFO DRT-0036] met5 guide region query size = 0.
[INFO DRT-0179] Init gr pin query.
[INFO DRT-0245] skipped writing guide updates to database.
[INFO DRT-0185] Post process initialize RPin region query.
[INFO DRT-0181] Start track assignment.
[INFO DRT-0184] Done with 556 vertical wires in 1 frboxes and 316 horizontal wires in 1 frboxes.
[INFO DRT-0186] Done with 105 vertical wires in 1 frboxes and 85 horizontal wires in 1 frboxes.
[INFO DRT-0182] Complete track assignment.
[INFO DRT-0267] cpu time = 00:00:00, elapsed time = 00:00:00, memory = 105.14 (MB), peak = 105.14 (MB)
[INFO DRT-0187] Start routing data preparation.
[INFO DRT-0267] cpu time = 00:00:00, elapsed time = 00:00:00, memory = 105.16 (MB), peak = 105.16 (MB)
[INFO DRT-0194] Start detail routing.
[INFO DRT-0195] Start 0th optimization iteration.
    Completing 10% with 0 violations.
    elapsed time = 00:00:02, memory = 124.27 (MB).
    Completing 20% with 37 violations.
    elapsed time = 00:00:03, memory = 124.28 (MB).
    Completing 30% with 45 violations.
    elapsed time = 00:00:03, memory = 134.65 (MB).
    Completing 40% with 60 violations.
    elapsed time = 00:00:04, memory = 134.84 (MB).
[INFO DRT-0199]   Number of violations = 109.
[INFO DRT-0267] cpu time = 00:00:04, elapsed time = 00:00:04, memory = 477.53 (MB), peak = 477.53 (MB)
Total wire length = 3705 um.
Total wire length on LAYER li1 = 0 um.
Total wire length on LAYER met1 = 1817 um.
Total wire length on LAYER met2 = 1767 um.
Total wire length on LAYER met3 = 120 um.
Total wire length on LAYER met4 = 0 um.
Total wire length on LAYER met5 = 0 um.
Total number of vias = 947.
Up-via summary (total 947):.

----------------------
 FR_MASTERSLICE      0
            li1    451
           met1    483
           met2     13
           met3      0
           met4      0
----------------------
                   947


[INFO DRT-0195] Start 1st optimization iteration.
    Completing 10% with 109 violations.
    elapsed time = 00:00:00, memory = 477.62 (MB).
    Completing 20% with 106 violations.
    elapsed time = 00:00:01, memory = 487.41 (MB).
    Completing 30% with 105 violations.
    elapsed time = 00:00:01, memory = 467.51 (MB).
    Completing 40% with 53 violations.
    elapsed time = 00:00:04, memory = 487.71 (MB).
[INFO DRT-0199]   Number of violations = 38.
[INFO DRT-0267] cpu time = 00:00:04, elapsed time = 00:00:04, memory = 467.59 (MB), peak = 493.80 (MB)
Total wire length = 3689 um.
Total wire length on LAYER li1 = 0 um.
Total wire length on LAYER met1 = 1802 um.
Total wire length on LAYER met2 = 1754 um.
Total wire length on LAYER met3 = 132 um.
Total wire length on LAYER met4 = 0 um.
Total wire length on LAYER met5 = 0 um.
Total number of vias = 938.
Up-via summary (total 938):.

----------------------
 FR_MASTERSLICE      0
            li1    450
           met1    471
           met2     17
           met3      0
           met4      0
----------------------
                   938


[INFO DRT-0195] Start 2nd optimization iteration.
    Completing 10% with 38 violations.
    elapsed time = 00:00:00, memory = 467.59 (MB).
    Completing 20% with 38 violations.
    elapsed time = 00:00:00, memory = 467.59 (MB).
    Completing 30% with 38 violations.
    elapsed time = 00:00:00, memory = 467.59 (MB).
    Completing 40% with 38 violations.
    elapsed time = 00:00:00, memory = 467.59 (MB).
    Completing 50% with 38 violations.
    elapsed time = 00:00:00, memory = 467.59 (MB).
    Completing 60% with 38 violations.
    elapsed time = 00:00:00, memory = 467.59 (MB).
    Completing 70% with 38 violations.
    elapsed time = 00:00:00, memory = 467.59 (MB).
    Completing 80% with 38 violations.
    elapsed time = 00:00:00, memory = 474.81 (MB).
    Completing 90% with 38 violations.
    elapsed time = 00:00:05, memory = 501.19 (MB).
    Completing 100% with 30 violations.
    elapsed time = 00:00:05, memory = 467.71 (MB).
[INFO DRT-0199]   Number of violations = 30.
[INFO DRT-0267] cpu time = 00:00:05, elapsed time = 00:00:05, memory = 467.71 (MB), peak = 510.23 (MB)
Total wire length = 3659 um.
Total wire length on LAYER li1 = 0 um.
Total wire length on LAYER met1 = 1790 um.
Total wire length on LAYER met2 = 1737 um.
Total wire length on LAYER met3 = 131 um.
Total wire length on LAYER met4 = 0 um.
Total wire length on LAYER met5 = 0 um.
Total number of vias = 934.
Up-via summary (total 934):.

----------------------
 FR_MASTERSLICE      0
            li1    450
           met1    469
           met2     15
           met3      0
           met4      0
----------------------
                   934


[INFO DRT-0195] Start 3rd optimization iteration.
    Completing 10% with 30 violations.
    elapsed time = 00:00:01, memory = 467.73 (MB).
    Completing 20% with 2 violations.
    elapsed time = 00:00:02, memory = 467.73 (MB).
    Completing 30% with 1 violations.
    elapsed time = 00:00:02, memory = 477.26 (MB).
    Completing 40% with 0 violations.
    elapsed time = 00:00:02, memory = 477.43 (MB).
[INFO DRT-0199]   Number of violations = 0.
[INFO DRT-0267] cpu time = 00:00:02, elapsed time = 00:00:02, memory = 477.43 (MB), peak = 510.23 (MB)
Total wire length = 3664 um.
Total wire length on LAYER li1 = 0 um.
Total wire length on LAYER met1 = 1768 um.
Total wire length on LAYER met2 = 1741 um.
Total wire length on LAYER met3 = 153 um.
Total wire length on LAYER met4 = 0 um.
Total wire length on LAYER met5 = 0 um.
Total number of vias = 945.
Up-via summary (total 945):.

----------------------
 FR_MASTERSLICE      0
            li1    450
           met1    476
           met2     19
           met3      0
           met4      0
----------------------
                   945


[INFO DRT-0198] Complete detail routing.
Total wire length = 3664 um.
Total wire length on LAYER li1 = 0 um.
Total wire length on LAYER met1 = 1768 um.
Total wire length on LAYER met2 = 1741 um.
Total wire length on LAYER met3 = 153 um.
Total wire length on LAYER met4 = 0 um.
Total wire length on LAYER met5 = 0 um.
Total number of vias = 945.
Up-via summary (total 945):.

----------------------
 FR_MASTERSLICE      0
            li1    450
           met1    476
           met2     19
           met3      0
           met4      0
----------------------
                   945


[INFO DRT-0267] cpu time = 00:00:17, elapsed time = 00:00:16, memory = 477.43 (MB), peak = 510.23 (MB)

[INFO DRT-0180] Post processing.
Saving to /openlane/designs/iiitb_r2_4bit_bm/runs/ASIC/results/routing/iiitb_r2_4bit_bm.def
