OpenROAD e036ecfaca4bc0efe88a54085efcf0f562c48a6b 
This program is licensed under the BSD-3 license. See the LICENSE file for details.
Components of this program may be licensed under more restrictive licenses which must be honored.
[INFO ODB-0222] Reading LEF file: /openlane/designs/iiitb_r2_4bit_bm/runs/ASIC/tmp/merged.nom.lef
[WARNING ODB-0220] WARNING (LEFPARS-2036): SOURCE statement is obsolete in version 5.6 and later.
The LEF parser will ignore this statement.
To avoid this warning in the future, remove this statement from the LEF file with version 5.6 or later. See file /openlane/designs/iiitb_r2_4bit_bm/runs/ASIC/tmp/merged.nom.lef at line 930.

[INFO ODB-0223]     Created 13 technology layers
[INFO ODB-0224]     Created 25 technology vias
[INFO ODB-0225]     Created 442 library cells
[INFO ODB-0226] Finished LEF file:  /openlane/designs/iiitb_r2_4bit_bm/runs/ASIC/tmp/merged.nom.lef
[INFO ODB-0127] Reading DEF file: /openlane/designs/iiitb_r2_4bit_bm/runs/ASIC/tmp/floorplan/3-initial_fp.def
[INFO ODB-0128] Design: iiitb_r2_4bit_bm
[INFO ODB-0130]     Created 19 pins.
[INFO ODB-0131]     Created 112 components and 851 component-terminals.
[INFO ODB-0133]     Created 123 nets and 409 connections.
[INFO ODB-0134] Finished DEF file: /openlane/designs/iiitb_r2_4bit_bm/runs/ASIC/tmp/floorplan/3-initial_fp.def
Found 0 macro blocks.
Using 1u default distance from corners.
[INFO PPL-0007] Random pin placement.
