[INFO]: Run Directory: /openlane/designs/iiitb_r2_4bit_bm/runs/ASIC
[INFO]: Preparing LEF files for the nom corner...
[INFO]: Preparing LEF files for the min corner...
[INFO]: Preparing LEF files for the max corner...
[INFO]: Merging /openlane/designs/iiitb_r2_4bit_bm/src/sky130_vsdinv.lef
[INFO]: Running Synthesis (log: designs/iiitb_r2_4bit_bm/runs/ASIC/logs/synthesis/1-synthesis.log)...
[INFO]: Running Single-Corner Static Timing Analysis (log: designs/iiitb_r2_4bit_bm/runs/ASIC/logs/synthesis/2-sta.log)...
[INFO]: Running Initial Floorplanning (log: designs/iiitb_r2_4bit_bm/runs/ASIC/logs/floorplan/3-initial_fp.log)...
[WARNING]: Current core area is too small for a power grid. The power grid will be minimized.
[INFO]: Extracting core dimensions...
[INFO]: Set CORE_WIDTH to 63.94, CORE_HEIGHT to 62.56.
[INFO]: Running IO Placement...
[INFO]: Running Tap/Decap Insertion (log: designs/iiitb_r2_4bit_bm/runs/ASIC/logs/floorplan/5-tap.log)...
[INFO]: Power planning with power {VPWR} and ground {VGND}...
[INFO]: Generating PDN (log: designs/iiitb_r2_4bit_bm/runs/ASIC/logs/floorplan/6-pdn.log)...
[INFO]: Running Global Placement (log: designs/iiitb_r2_4bit_bm/runs/ASIC/logs/placement/7-global.log)...
[INFO]: Running Placement Resizer Design Optimizations (log: designs/iiitb_r2_4bit_bm/runs/ASIC/logs/placement/8-resizer.log)...
[INFO]: Writing Verilog...
[INFO]: Removing Buffers from Ports (If Applicable) (log: designs/iiitb_r2_4bit_bm/runs/ASIC/logs/placement/10-remove_buffers_from_ports.log)...
[INFO]: Running Detailed Placement (log: designs/iiitb_r2_4bit_bm/runs/ASIC/logs/placement/11-detailed.log)...
[INFO]: Running Clock Tree Synthesis (log: designs/iiitb_r2_4bit_bm/runs/ASIC/logs/cts/12-cts.log)...
[INFO]: Writing Verilog...
[INFO]: Routing...
[INFO]: Running Global Routing Resizer Timing Optimizations (log: designs/iiitb_r2_4bit_bm/runs/ASIC/logs/routing/14-resizer.log)...
[INFO]: Writing Verilog...
[INFO]: Running Detailed Placement (log: designs/iiitb_r2_4bit_bm/runs/ASIC/logs/routing/16-diode_legalization.log)...
[INFO]: Running Global Routing...
[INFO]: Starting FastRoute Antenna Repair Iterations...
[INFO]: Running Fill Insertion (log: designs/iiitb_r2_4bit_bm/runs/ASIC/logs/routing/18-fill.log)...
[INFO]: Writing Verilog...
[INFO]: Running Detailed Routing (log: designs/iiitb_r2_4bit_bm/runs/ASIC/logs/routing/20-detailed.log)...
[INFO]: No DRC violations after detailed routing.
[INFO]: Writing Verilog...
