
24. Printing statistics.

=== iiitb_r2_4bit_bm ===

   Number of wires:                110
   Number of wire bits:            123
   Number of public wires:          22
   Number of public wire bits:      35
   Number of memories:               0
   Number of memory bits:            0
   Number of processes:              0
   Number of cells:                112
     sky130_fd_sc_hd__a21o_2         6
     sky130_fd_sc_hd__a21oi_2        6
     sky130_fd_sc_hd__a221o_2        2
     sky130_fd_sc_hd__a22o_2         1
     sky130_fd_sc_hd__a311o_2        1
     sky130_fd_sc_hd__a31o_2         3
     sky130_fd_sc_hd__and2_2         2
     sky130_fd_sc_hd__and2b_2        3
     sky130_fd_sc_hd__and3_2         2
     sky130_fd_sc_hd__buf_1          4
     sky130_fd_sc_hd__dfxtp_2       24
     sky130_fd_sc_hd__inv_2          1
     sky130_fd_sc_hd__mux2_2         3
     sky130_fd_sc_hd__nand2_2        7
     sky130_fd_sc_hd__nor3_2         1
     sky130_fd_sc_hd__o211a_2       11
     sky130_fd_sc_hd__o21a_2         3
     sky130_fd_sc_hd__o21ai_2        1
     sky130_fd_sc_hd__o21ba_2        2
     sky130_fd_sc_hd__o21bai_2       1
     sky130_fd_sc_hd__o221a_2        1
     sky130_fd_sc_hd__o311a_2        1
     sky130_fd_sc_hd__o31a_2         1
     sky130_fd_sc_hd__or2_2         11
     sky130_fd_sc_hd__or2b_2         1
     sky130_fd_sc_hd__or3_2          5
     sky130_fd_sc_hd__or3b_2         2
     sky130_fd_sc_hd__or4_2          1
     sky130_fd_sc_hd__xor2_2         2
     sky130_vsdinv                   3

   Chip area for module '\iiitb_r2_4bit_bm': 1242.441600

